<?xml version="1.0" encoding="UTF-8"?>
<!-- Generated by org.testng.reporters.JUnitReportReporter -->
<testsuite hostname="DESKTOP-KOMAOR5" failures="0" tests="1" name="introduction.Streams1" time="0.008" errors="0" timestamp="2023-10-13T23:03:14 NZDT" skipped="0">
  <testcase classname="introduction.Streams1" name="regular" time="0.008"/>
</testsuite> <!-- introduction.Streams1 -->
