<?xml version="1.0" encoding="UTF-8"?>
<!-- Generated by org.testng.reporters.JUnitReportReporter -->
<testsuite hostname="DESKTOP-KOMAOR5" failures="0" tests="1" name="Streams.Streams1" time="0.014" errors="0" timestamp="2023-10-14T00:11:21 NZDT" skipped="0">
  <testcase classname="Streams.Streams1" name="streamcollect" time="0.014"/>
</testsuite> <!-- Streams.Streams1 -->
